<?xml version="1.0" encoding="UTF-8"?>
<!-- Generated by org.testng.reporters.JUnitXMLReporter -->
<testsuite ignored="0" hostname="user-Latitude-3440" failures="0" tests="4" name="Test" time="11.448" errors="0" timestamp="14 Jul 2025 02:56:49 GMT">
  <testcase classname="ApiTestcases.UserTestCases" name="testcreateuser" time="4.06"/>
  <testcase classname="ApiTestcases.TestDDT" name="testcreateuser" time="1.929"/>
  <testcase classname="ApiTestcases.TestDDT" name="testcreateuser" time="1.857"/>
  <testcase classname="ApiTestcases.TestDDT" name="testcreateuser" time="2.038"/>
</testsuite> <!-- Test -->
