<?xml version="1.0" encoding="UTF-8"?>
<!-- Generated by org.testng.reporters.JUnitXMLReporter -->
<testsuite ignored="0" hostname="user-Latitude-3440" failures="0" tests="4" name="Test" time="14.21" errors="0" timestamp="07 Jul 2025 16:22:49 GMT">
  <testcase classname="ApiTestcases.UserTestCases" name="testcreateuser" time="7.905"/>
  <testcase classname="ApiTestcases.TestDDT" name="testcreateuser" time="1.935"/>
  <testcase classname="ApiTestcases.TestDDT" name="testcreateuser" time="1.817"/>
  <testcase classname="ApiTestcases.TestDDT" name="testcreateuser" time="1.392"/>
</testsuite> <!-- Test -->
