<?xml version="1.0" encoding="UTF-8"?>
<!-- Generated by org.testng.reporters.JUnitXMLReporter -->
<testsuite ignored="0" hostname="user-Latitude-3440" failures="0" tests="4" name="Test" time="10.287" errors="0" timestamp="23 Jul 2025 09:15:23 GMT">
  <testcase classname="ApiTestcases.UserTestCases" name="testcreateuser" time="3.847"/>
  <testcase classname="ApiTestcases.TestDDT" name="testcreateuser" time="1.509"/>
  <testcase classname="ApiTestcases.TestDDT" name="testcreateuser" time="1.499"/>
  <testcase classname="ApiTestcases.TestDDT" name="testcreateuser" time="1.682"/>
</testsuite> <!-- Test -->
