<?xml version="1.0" encoding="UTF-8"?>
<testng-results ignored="0" total="4" passed="4" failed="0" skipped="0">
  <reporter-output>
  </reporter-output>
  <suite started-at="2025-07-23T09:15:13Z" name="Suite" finished-at="2025-07-23T09:15:23Z" duration-ms="10287">
    <groups>
    </groups>
    <test started-at="2025-07-23T09:15:13Z" name="Test" finished-at="2025-07-23T09:15:23Z" duration-ms="10287">
      <class name="ApiTestcases.UserTestCases">
        <test-method is-config="true" signature="generatefakedata()[pri:0, instance:ApiTestcases.UserTestCases@298a5e20]" started-at="2025-07-23T09:15:13Z" name="generatefakedata" finished-at="2025-07-23T09:15:13Z" duration-ms="167" status="PASS">
          <reporter-output>
          </reporter-output>
        </test-method> <!-- generatefakedata -->
        <test-method signature="testcreateuser()[pri:1, instance:ApiTestcases.UserTestCases@298a5e20]" started-at="2025-07-23T09:15:13Z" name="testcreateuser" finished-at="2025-07-23T09:15:17Z" duration-ms="3847" status="PASS">
          <reporter-output>
          </reporter-output>
        </test-method> <!-- testcreateuser -->
      </class> <!-- ApiTestcases.UserTestCases -->
      <class name="ApiTestcases.TestDDT">
        <test-method signature="testcreateuser(java.lang.String, java.lang.String, java.lang.String, java.lang.String, java.lang.String, java.lang.String, java.lang.String)[pri:1, instance:ApiTestcases.TestDDT@2a7f1f10]" started-at="2025-07-23T09:15:18Z" name="testcreateuser" data-provider="AllData" finished-at="2025-07-23T09:15:20Z" duration-ms="1509" status="PASS">
          <params>
            <param index="0">
              <value>
                <![CDATA[100]]>
              </value>
            </param>
            <param index="1">
              <value>
                <![CDATA['nikk001]]>
              </value>
            </param>
            <param index="2">
              <value>
                <![CDATA[Nikk]]>
              </value>
            </param>
            <param index="3">
              <value>
                <![CDATA[Paul]]>
              </value>
            </param>
            <param index="4">
              <value>
                <![CDATA[nikk@yopmail.com]]>
              </value>
            </param>
            <param index="5">
              <value>
                <![CDATA[Nikk@12345]]>
              </value>
            </param>
            <param index="6">
              <value>
                <![CDATA[12345678]]>
              </value>
            </param>
          </params>
          <reporter-output>
          </reporter-output>
        </test-method> <!-- testcreateuser -->
        <test-method signature="testcreateuser(java.lang.String, java.lang.String, java.lang.String, java.lang.String, java.lang.String, java.lang.String, java.lang.String)[pri:1, instance:ApiTestcases.TestDDT@2a7f1f10]" started-at="2025-07-23T09:15:20Z" name="testcreateuser" data-provider="AllData" finished-at="2025-07-23T09:15:21Z" duration-ms="1499" status="PASS">
          <params>
            <param index="0">
              <value>
                <![CDATA[200]]>
              </value>
            </param>
            <param index="1">
              <value>
                <![CDATA['john002]]>
              </value>
            </param>
            <param index="2">
              <value>
                <![CDATA[John]]>
              </value>
            </param>
            <param index="3">
              <value>
                <![CDATA[Doe]]>
              </value>
            </param>
            <param index="4">
              <value>
                <![CDATA[John@yopmail.com]]>
              </value>
            </param>
            <param index="5">
              <value>
                <![CDATA[Nikk@12345]]>
              </value>
            </param>
            <param index="6">
              <value>
                <![CDATA[876543210]]>
              </value>
            </param>
          </params>
          <reporter-output>
          </reporter-output>
        </test-method> <!-- testcreateuser -->
        <test-method signature="testcreateuser(java.lang.String, java.lang.String, java.lang.String, java.lang.String, java.lang.String, java.lang.String, java.lang.String)[pri:1, instance:ApiTestcases.TestDDT@2a7f1f10]" started-at="2025-07-23T09:15:21Z" name="testcreateuser" data-provider="AllData" finished-at="2025-07-23T09:15:23Z" duration-ms="1682" status="PASS">
          <params>
            <param index="0">
              <value>
                <![CDATA[300]]>
              </value>
            </param>
            <param index="1">
              <value>
                <![CDATA['maxwell003]]>
              </value>
            </param>
            <param index="2">
              <value>
                <![CDATA[Maxwell]]>
              </value>
            </param>
            <param index="3">
              <value>
                <![CDATA[Lee]]>
              </value>
            </param>
            <param index="4">
              <value>
                <![CDATA[maxwell@yopmail.com]]>
              </value>
            </param>
            <param index="5">
              <value>
                <![CDATA[Nikk@12345]]>
              </value>
            </param>
            <param index="6">
              <value>
                <![CDATA[987656566]]>
              </value>
            </param>
          </params>
          <reporter-output>
          </reporter-output>
        </test-method> <!-- testcreateuser -->
      </class> <!-- ApiTestcases.TestDDT -->
    </test> <!-- Test -->
  </suite> <!-- Suite -->
</testng-results>
