<?xml version="1.0" encoding="UTF-8"?>
<testsuite xmlns:xsi="http://www.w3.org/2001/XMLSchema-instance" xsi:noNamespaceSchemaLocation="https://maven.apache.org/surefire/maven-surefire-plugin/xsd/surefire-test-report-3.0.xsd" version="3.0" name="TestSuite" time="11.222" tests="4" errors="0" skipped="0" failures="0">
  <properties>
[...]
</properties>
  <testcase name="testcreateuser" classname="ApiTestcases.UserTestCases" time="3.847">
    <system-out><![CDATA[[TestNGContentHandler] [WARN] It is strongly recommended to add "<!DOCTYPE suite SYSTEM "http://testng.org/testng-1.0.dtd" >" at the top of your file, otherwise TestNG may fail or not work as expected.
Username used: cory.corkery
HTTP/1.1 200 OK
Date: Wed, 23 Jul 2025 09:15:16 GMT
Content-Type: application/json
Transfer-Encoding: chunked
Connection: keep-alive
Access-Control-Allow-Origin: *
Access-Control-Allow-Methods: GET, POST, DELETE, PUT
Access-Control-Allow-Headers: Content-Type, api_key, Authorization
Server: Jetty(9.2.9.v20150224)

{
    "code": 200,
    "type": "unknown",
    "message": "1358343316"
}
Status code is correct
]]></system-out>
  </testcase>
  <testcase name="testcreateuser[100, &apos;nikk001, Nikk, Paul, nikk@yopmail.com, Nikk@12345, 12345678](1)" classname="ApiTestcases.TestDDT" time="1.51">
    <system-out><![CDATA[4
7
HTTP/1.1 200 OK
Date: Wed, 23 Jul 2025 09:15:20 GMT
Content-Type: application/json
Transfer-Encoding: chunked
Connection: keep-alive
Access-Control-Allow-Origin: *
Access-Control-Allow-Methods: GET, POST, DELETE, PUT
Access-Control-Allow-Headers: Content-Type, api_key, Authorization
Server: Jetty(9.2.9.v20150224)

{
    "code": 200,
    "type": "unknown",
    "message": "100"
}
Test case 1 success !!
]]></system-out>
  </testcase>
  <testcase name="testcreateuser[200, &apos;john002, John, Doe, John@yopmail.com, Nikk@12345, 876543210](2)" classname="ApiTestcases.TestDDT" time="1.5">
    <system-out><![CDATA[HTTP/1.1 200 OK
Date: Wed, 23 Jul 2025 09:15:21 GMT
Content-Type: application/json
Transfer-Encoding: chunked
Connection: keep-alive
Access-Control-Allow-Origin: *
Access-Control-Allow-Methods: GET, POST, DELETE, PUT
Access-Control-Allow-Headers: Content-Type, api_key, Authorization
Server: Jetty(9.2.9.v20150224)

{
    "code": 200,
    "type": "unknown",
    "message": "200"
}
Test case 1 success !!
]]></system-out>
  </testcase>
  <testcase name="testcreateuser[300, &apos;maxwell003, Maxwell, Lee, maxwell@yopmail.com, Nikk@12345, 987656566](3)" classname="ApiTestcases.TestDDT" time="1.682">
    <system-out><![CDATA[HTTP/1.1 200 OK
Date: Wed, 23 Jul 2025 09:15:23 GMT
Content-Type: application/json
Transfer-Encoding: chunked
Connection: keep-alive
Access-Control-Allow-Origin: *
Access-Control-Allow-Methods: GET, POST, DELETE, PUT
Access-Control-Allow-Headers: Content-Type, api_key, Authorization
Server: Jetty(9.2.9.v20150224)

{
    "code": 200,
    "type": "unknown",
    "message": "300"
}
Test case 1 success !!
]]></system-out>
  </testcase>
</testsuite>