<?xml version="1.0" encoding="UTF-8"?>
<testng-results ignored="0" total="4" passed="4" failed="0" skipped="0">
  <reporter-output>
  </reporter-output>
  <suite started-at="2025-07-07T16:22:34Z" name="Suite" finished-at="2025-07-07T16:22:49Z" duration-ms="14210">
    <groups>
    </groups>
    <test started-at="2025-07-07T16:22:34Z" name="Test" finished-at="2025-07-07T16:22:49Z" duration-ms="14210">
      <class name="ApiTestcases.UserTestCases">
        <test-method is-config="true" signature="generatefakedata()[pri:0, instance:ApiTestcases.UserTestCases@7e5c856f]" started-at="2025-07-07T16:22:34Z" name="generatefakedata" finished-at="2025-07-07T16:22:35Z" duration-ms="141" status="PASS">
          <reporter-output>
          </reporter-output>
        </test-method> <!-- generatefakedata -->
        <test-method signature="testcreateuser()[pri:1, instance:ApiTestcases.UserTestCases@7e5c856f]" started-at="2025-07-07T16:22:35Z" name="testcreateuser" finished-at="2025-07-07T16:22:43Z" duration-ms="7905" status="PASS">
          <reporter-output>
          </reporter-output>
        </test-method> <!-- testcreateuser -->
      </class> <!-- ApiTestcases.UserTestCases -->
      <class name="ApiTestcases.TestDDT">
        <test-method signature="testcreateuser(java.lang.String, java.lang.String, java.lang.String, java.lang.String, java.lang.String, java.lang.String, java.lang.String)[pri:1, instance:ApiTestcases.TestDDT@413f69cc]" started-at="2025-07-07T16:22:44Z" name="testcreateuser" data-provider="AllData" finished-at="2025-07-07T16:22:45Z" duration-ms="1935" status="PASS">
          <params>
            <param index="0">
              <value>
                <![CDATA[100]]>
              </value>
            </param>
            <param index="1">
              <value>
                <![CDATA['nikk001]]>
              </value>
            </param>
            <param index="2">
              <value>
                <![CDATA[Nikk]]>
              </value>
            </param>
            <param index="3">
              <value>
                <![CDATA[Paul]]>
              </value>
            </param>
            <param index="4">
              <value>
                <![CDATA[nikk@yopmail.com]]>
              </value>
            </param>
            <param index="5">
              <value>
                <![CDATA[Nikk@12345]]>
              </value>
            </param>
            <param index="6">
              <value>
                <![CDATA[12345678]]>
              </value>
            </param>
          </params>
          <reporter-output>
          </reporter-output>
        </test-method> <!-- testcreateuser -->
        <test-method signature="testcreateuser(java.lang.String, java.lang.String, java.lang.String, java.lang.String, java.lang.String, java.lang.String, java.lang.String)[pri:1, instance:ApiTestcases.TestDDT@413f69cc]" started-at="2025-07-07T16:22:45Z" name="testcreateuser" data-provider="AllData" finished-at="2025-07-07T16:22:47Z" duration-ms="1817" status="PASS">
          <params>
            <param index="0">
              <value>
                <![CDATA[200]]>
              </value>
            </param>
            <param index="1">
              <value>
                <![CDATA['john002]]>
              </value>
            </param>
            <param index="2">
              <value>
                <![CDATA[John]]>
              </value>
            </param>
            <param index="3">
              <value>
                <![CDATA[Doe]]>
              </value>
            </param>
            <param index="4">
              <value>
                <![CDATA[John@yopmail.com]]>
              </value>
            </param>
            <param index="5">
              <value>
                <![CDATA[Nikk@12345]]>
              </value>
            </param>
            <param index="6">
              <value>
                <![CDATA[876543210]]>
              </value>
            </param>
          </params>
          <reporter-output>
          </reporter-output>
        </test-method> <!-- testcreateuser -->
        <test-method signature="testcreateuser(java.lang.String, java.lang.String, java.lang.String, java.lang.String, java.lang.String, java.lang.String, java.lang.String)[pri:1, instance:ApiTestcases.TestDDT@413f69cc]" started-at="2025-07-07T16:22:47Z" name="testcreateuser" data-provider="AllData" finished-at="2025-07-07T16:22:49Z" duration-ms="1392" status="PASS">
          <params>
            <param index="0">
              <value>
                <![CDATA[300]]>
              </value>
            </param>
            <param index="1">
              <value>
                <![CDATA['maxwell003]]>
              </value>
            </param>
            <param index="2">
              <value>
                <![CDATA[Maxwell]]>
              </value>
            </param>
            <param index="3">
              <value>
                <![CDATA[Lee]]>
              </value>
            </param>
            <param index="4">
              <value>
                <![CDATA[maxwell@yopmail.com]]>
              </value>
            </param>
            <param index="5">
              <value>
                <![CDATA[Nikk@12345]]>
              </value>
            </param>
            <param index="6">
              <value>
                <![CDATA[987656566]]>
              </value>
            </param>
          </params>
          <reporter-output>
          </reporter-output>
        </test-method> <!-- testcreateuser -->
      </class> <!-- ApiTestcases.TestDDT -->
    </test> <!-- Test -->
  </suite> <!-- Suite -->
</testng-results>
